#! /usr/bin/vvp
:ivl_version "11.0 (stable)";
:ivl_delay_selection "TYPICAL";
:vpi_time_precision - 10;
:vpi_module "/usr/lib/x86_64-linux-gnu/ivl/system.vpi";
:vpi_module "/usr/lib/x86_64-linux-gnu/ivl/vhdl_sys.vpi";
:vpi_module "/usr/lib/x86_64-linux-gnu/ivl/vhdl_textio.vpi";
:vpi_module "/usr/lib/x86_64-linux-gnu/ivl/v2005_math.vpi";
:vpi_module "/usr/lib/x86_64-linux-gnu/ivl/va_math.vpi";
:vpi_module "/usr/lib/x86_64-linux-gnu/ivl/v2009.vpi";
S_0x56371566d070 .scope package, "$unit" "$unit" 2 1;
 .timescale 0 0;
S_0x56371566d200 .scope module, "test_divide_by3FSM" "test_divide_by3FSM" 3 4;
 .timescale -9 -10;
v0x56371568f6f0_0 .var "clk", 0 0;
v0x56371568f790_0 .var "reset", 0 0;
S_0x56371566d390 .scope module, "fsm" "divide_by3FSM" 3 8, 4 1 0, S_0x56371566d200;
 .timescale 0 0;
    .port_info 0 /INPUT 1 "clk";
    .port_info 1 /INPUT 1 "reset";
    .port_info 2 /OUTPUT 1 "y";
enum0x563715657370 .enum4 (2)
   "S0" 2'b00,
   "S1" 2'b01,
   "S2" 2'b10
 ;
L_0x7f88669f6018 .functor BUFT 1, C4<00>, C4<0>, C4<0>, C4<0>;
v0x56371566b5e0_0 .net/2u *"_ivl_0", 1 0, L_0x7f88669f6018;  1 drivers
v0x56371568f240_0 .net "clk", 0 0, v0x56371568f6f0_0;  1 drivers
v0x56371568f300_0 .var "currstate", 1 0;
v0x56371568f3c0_0 .var "nextstate", 1 0;
v0x56371568f4a0_0 .net "reset", 0 0, v0x56371568f790_0;  1 drivers
v0x56371568f5b0_0 .net "y", 0 0, L_0x56371568f830;  1 drivers
E_0x563715633400 .event edge, v0x56371568f300_0;
E_0x5637156336c0 .event posedge, v0x56371568f4a0_0, v0x56371568f240_0;
L_0x56371568f830 .cmp/eq 2, v0x56371568f300_0, L_0x7f88669f6018;
    .scope S_0x56371566d390;
T_0 ;
    %wait E_0x5637156336c0;
    %load/vec4 v0x56371568f4a0_0;
    %flag_set/vec4 8;
    %jmp/0xz  T_0.0, 8;
    %pushi/vec4 0, 0, 2;
    %assign/vec4 v0x56371568f300_0, 0;
    %jmp T_0.1;
T_0.0 ;
    %load/vec4 v0x56371568f3c0_0;
    %assign/vec4 v0x56371568f300_0, 0;
T_0.1 ;
    %jmp T_0;
    .thread T_0;
    .scope S_0x56371566d390;
T_1 ;
Ewait_0 .event/or E_0x563715633400, E_0x0;
    %wait Ewait_0;
    %load/vec4 v0x56371568f300_0;
    %dup/vec4;
    %pushi/vec4 0, 0, 2;
    %cmp/u;
    %jmp/1 T_1.0, 6;
    %dup/vec4;
    %pushi/vec4 1, 0, 2;
    %cmp/u;
    %jmp/1 T_1.1, 6;
    %dup/vec4;
    %pushi/vec4 2, 0, 2;
    %cmp/u;
    %jmp/1 T_1.2, 6;
    %pushi/vec4 0, 0, 2;
    %store/vec4 v0x56371568f3c0_0, 0, 2;
    %jmp T_1.4;
T_1.0 ;
    %pushi/vec4 1, 0, 2;
    %store/vec4 v0x56371568f3c0_0, 0, 2;
    %jmp T_1.4;
T_1.1 ;
    %pushi/vec4 2, 0, 2;
    %store/vec4 v0x56371568f3c0_0, 0, 2;
    %jmp T_1.4;
T_1.2 ;
    %pushi/vec4 0, 0, 2;
    %store/vec4 v0x56371568f3c0_0, 0, 2;
    %jmp T_1.4;
T_1.4 ;
    %pop/vec4 1;
    %jmp T_1;
    .thread T_1, $push;
    .scope S_0x56371566d200;
T_2 ;
    %vpi_call/w 3 11 "$dumpvars" {0 0 0};
    %vpi_call/w 3 12 "$display", "start" {0 0 0};
    %delay 0, 0;
    %pushi/vec4 0, 0, 1;
    %store/vec4 v0x56371568f6f0_0, 0, 1;
    %delay 0, 0;
    %pushi/vec4 0, 0, 1;
    %store/vec4 v0x56371568f790_0, 0, 1;
    %delay 200, 0;
    %vpi_call/w 3 15 "$finish" {0 0 0};
    %end;
    .thread T_2;
    .scope S_0x56371566d200;
T_3 ;
    %delay 10, 0;
    %load/vec4 v0x56371568f6f0_0;
    %inv;
    %store/vec4 v0x56371568f6f0_0, 0, 1;
    %jmp T_3;
    .thread T_3;
# The file index is used to find the file name in the following table.
:file_names 5;
    "N/A";
    "<interactive>";
    "-";
    "test_divide_by3FSM.sv";
    "divide_by3FSM.sv";
